action: py37, msg: getenv
cwd: /Users/dulds/workspace/python/validathor
cmd: /Users/dulds/workspace/python/validathor/.tox/py37/bin/python -m pip install pytest
Collecting pytest
  Downloading https://files.pythonhosted.org/packages/9a/46/903ea822d83187bb8b354fcb3d085fb10b7787be39f9cf1628bc6ef8f9c9/pytest-5.2.0-py3-none-any.whl (226kB)
Collecting more-itertools>=4.0.0 (from pytest)
  Using cached https://files.pythonhosted.org/packages/45/dc/3241eef99eb45f1def35cf93af35d1cf9ef4c0991792583b8f33ea41b092/more_itertools-7.2.0-py3-none-any.whl
Collecting importlib-metadata>=0.12; python_version < "3.8" (from pytest)
  Using cached https://files.pythonhosted.org/packages/f6/d2/40b3fa882147719744e6aa50ac39cf7a22a913cbcba86a0371176c425a3b/importlib_metadata-0.23-py2.py3-none-any.whl
Collecting atomicwrites>=1.0 (from pytest)
  Downloading https://files.pythonhosted.org/packages/52/90/6155aa926f43f2b2a22b01be7241be3bfd1ceaf7d0b3267213e8127d41f4/atomicwrites-1.3.0-py2.py3-none-any.whl
Collecting pluggy<1.0,>=0.12 (from pytest)
  Using cached https://files.pythonhosted.org/packages/92/c7/48439f7d5fd6bddb4c04b850bb862b42e3e2b98570040dfaf68aedd8114b/pluggy-0.13.0-py2.py3-none-any.whl
Collecting attrs>=17.4.0 (from pytest)
  Downloading https://files.pythonhosted.org/packages/6b/e8/2ecaf86b128a34e225807f03b22664302937ab826bd3b7eccab6754d29ea/attrs-19.2.0-py2.py3-none-any.whl (40kB)
Collecting wcwidth (from pytest)
  Downloading https://files.pythonhosted.org/packages/7e/9f/526a6947247599b084ee5232e4f9190a38f398d7300d866af3ab571a5bfe/wcwidth-0.1.7-py2.py3-none-any.whl
Collecting packaging (from pytest)
  Using cached https://files.pythonhosted.org/packages/cf/94/9672c2d4b126e74c4496c6b3c58a8b51d6419267be9e70660ba23374c875/packaging-19.2-py2.py3-none-any.whl
Collecting py>=1.5.0 (from pytest)
  Using cached https://files.pythonhosted.org/packages/76/bc/394ad449851729244a97857ee14d7cba61ddb268dce3db538ba2f2ba1f0f/py-1.8.0-py2.py3-none-any.whl
Collecting zipp>=0.5 (from importlib-metadata>=0.12; python_version < "3.8"->pytest)
  Using cached https://files.pythonhosted.org/packages/74/3d/1ee25a26411ba0401b43c6376d2316a71addcc72ef8690b101b4ea56d76a/zipp-0.6.0-py2.py3-none-any.whl
Collecting six (from packaging->pytest)
  Using cached https://files.pythonhosted.org/packages/73/fb/00a976f728d0d1fecfe898238ce23f502a721c0ac0ecfedb80e0d88c64e9/six-1.12.0-py2.py3-none-any.whl
Collecting pyparsing>=2.0.2 (from packaging->pytest)
  Using cached https://files.pythonhosted.org/packages/11/fa/0160cd525c62d7abd076a070ff02b2b94de589f1a9789774f17d7c54058e/pyparsing-2.4.2-py2.py3-none-any.whl
Installing collected packages: more-itertools, zipp, importlib-metadata, atomicwrites, pluggy, attrs, wcwidth, six, pyparsing, packaging, py, pytest
Successfully installed atomicwrites-1.3.0 attrs-19.2.0 importlib-metadata-0.23 more-itertools-7.2.0 packaging-19.2 pluggy-0.13.0 py-1.8.0 pyparsing-2.4.2 pytest-5.2.0 six-1.12.0 wcwidth-0.1.7 zipp-0.6.0
