action: GLOB, msg: packaging
cwd: /Users/dulds/workspace/python/validathor
cmd: /usr/local/opt/python/bin/python3.7 setup.py sdist --formats=zip --dist-dir .tox/dist
running sdist
running egg_info
writing validathor.egg-info/PKG-INFO
writing dependency_links to validathor.egg-info/dependency_links.txt
writing top-level names to validathor.egg-info/top_level.txt
reading manifest file 'validathor.egg-info/SOURCES.txt'
writing manifest file 'validathor.egg-info/SOURCES.txt'
running check
creating validathor-0.1
creating validathor-0.1/validathor
creating validathor-0.1/validathor.egg-info
copying files to validathor-0.1...
copying README.md -> validathor-0.1
copying setup.py -> validathor-0.1
copying validathor/__init__.py -> validathor-0.1/validathor
copying validathor/basic.py -> validathor-0.1/validathor
copying validathor/core.py -> validathor-0.1/validathor
copying validathor/types.py -> validathor-0.1/validathor
copying validathor/validator.py -> validathor-0.1/validathor
copying validathor.egg-info/PKG-INFO -> validathor-0.1/validathor.egg-info
copying validathor.egg-info/SOURCES.txt -> validathor-0.1/validathor.egg-info
copying validathor.egg-info/dependency_links.txt -> validathor-0.1/validathor.egg-info
copying validathor.egg-info/not-zip-safe -> validathor-0.1/validathor.egg-info
copying validathor.egg-info/top_level.txt -> validathor-0.1/validathor.egg-info
Writing validathor-0.1/setup.cfg
creating '.tox/dist/validathor-0.1.zip' and adding 'validathor-0.1' to it
adding 'validathor-0.1'
adding 'validathor-0.1/validathor'
adding 'validathor-0.1/validathor.egg-info'
adding 'validathor-0.1/PKG-INFO'
adding 'validathor-0.1/README.md'
adding 'validathor-0.1/setup.py'
adding 'validathor-0.1/setup.cfg'
adding 'validathor-0.1/validathor/validator.py'
adding 'validathor-0.1/validathor/__init__.py'
adding 'validathor-0.1/validathor/core.py'
adding 'validathor-0.1/validathor/types.py'
adding 'validathor-0.1/validathor/basic.py'
adding 'validathor-0.1/validathor.egg-info/PKG-INFO'
adding 'validathor-0.1/validathor.egg-info/not-zip-safe'
adding 'validathor-0.1/validathor.egg-info/SOURCES.txt'
adding 'validathor-0.1/validathor.egg-info/top_level.txt'
adding 'validathor-0.1/validathor.egg-info/dependency_links.txt'
removing 'validathor-0.1' (and everything under it)
